<?xml version="1.0" encoding="UTF-8"?>
<testsuite name="ParseadorTest" tests="4" skipped="0" failures="0" errors="0" timestamp="2023-03-22T04:42:17" hostname="ALEX" time="0.023">
  <properties/>
  <testcase name="obtenerParte3Positivo()" classname="ParseadorTest" time="0.017"/>
  <testcase name="obtenerOperadorSuma()" classname="ParseadorTest" time="0.001"/>
  <testcase name="obtenerParte1Unidades()" classname="ParseadorTest" time="0.001"/>
  <testcase name="obtenerParte2Suma()" classname="ParseadorTest" time="0.001"/>
  <system-out><![CDATA[]]></system-out>
  <system-err><![CDATA[]]></system-err>
</testsuite>
