<?xml version="1.0" encoding="UTF-8"?>
<testsuite name="Test" tests="1" skipped="0" failures="0" errors="0" timestamp="2023-03-22T18:26:11" hostname="DESKTOP-DKMM6SP" time="3.541">
  <properties/>
  <testcase name="prueba2()" classname="Test" time="3.541"/>
  <system-out><![CDATA[]]></system-out>
  <system-err><![CDATA[]]></system-err>
</testsuite>
