<?xml version="1.0" encoding="UTF-8"?>
<testsuite name="Test" tests="1" skipped="0" failures="0" errors="0" timestamp="2023-03-25T22:27:50" hostname="DESKTOP-DKMM6SP" time="70.947">
  <properties/>
  <testcase name="prueba2()" classname="Test" time="70.947"/>
  <system-out><![CDATA[]]></system-out>
  <system-err><![CDATA[]]></system-err>
</testsuite>
